# JRE version: Java(TM) SE Runtime Environment (8.0_101-b13) (build 1.8.0_101-b13)
# Java VM: Java HotSpot(TM) 64-Bit Server VM (25.101-b13 mixed mode windows-amd64 compressed oops)
Heap:
 PSYoungGen      total 52736K, used 16848K [0x0000000785700000, 0x0000000789180000, 0x00000007c0000000)
  eden space 45568K, 36% used [0x0000000785700000,0x0000000786774318,0x0000000788380000)
  from space 7168K, 0% used [0x0000000788a80000,0x0000000788a80000,0x0000000789180000)
  to   space 7168K, 0% used [0x0000000788380000,0x0000000788380000,0x0000000788a80000)
 ParOldGen       total 56320K, used 8514K [0x0000000710400000, 0x0000000713b00000, 0x0000000785700000)
  object space 56320K, 15% used [0x0000000710400000,0x0000000710c50990,0x0000000713b00000)
 Metaspace       used 23031K, capacity 24302K, committed 24576K, reserved 1071104K
  class space    used 3297K, capacity 3543K, committed 3584K, reserved 1048576K
GC Heap History (6 events):
Event: 8.623 GC heap before
{Heap before GC invocations=1 (full 0):
 PSYoungGen      total 52736K, used 45568K [0x0000000785700000, 0x0000000789180000, 0x00000007c0000000)
  eden space 45568K, 100% used [0x0000000785700000,0x0000000788380000,0x0000000788380000)
  from space 7168K, 0% used [0x0000000788a80000,0x0000000788a80000,0x0000000789180000)
  to   space 7168K, 0% used [0x0000000788380000,0x0000000788380000,0x0000000788a80000)
 ParOldGen       total 120320K, used 0K [0x0000000710400000, 0x0000000717980000, 0x0000000785700000)
  object space 120320K, 0% used [0x0000000710400000,0x0000000710400000,0x0000000717980000)
 Metaspace       used 16185K, capacity 16848K, committed 16896K, reserved 1062912K
  class space    used 2337K, capacity 2544K, committed 2560K, reserved 1048576K
Event: 8.635 GC heap after
Heap after GC invocations=1 (full 0):
 PSYoungGen      total 52736K, used 6605K [0x0000000785700000, 0x0000000789180000, 0x00000007c0000000)
  eden space 45568K, 0% used [0x0000000785700000,0x0000000785700000,0x0000000788380000)
  from space 7168K, 92% used [0x0000000788380000,0x00000007889f3560,0x0000000788a80000)
  to   space 7168K, 0% used [0x0000000788a80000,0x0000000788a80000,0x0000000789180000)
 ParOldGen       total 120320K, used 80K [0x0000000710400000, 0x0000000717980000, 0x0000000785700000)
  object space 120320K, 0% used [0x0000000710400000,0x0000000710414010,0x0000000717980000)
 Metaspace       used 16185K, capacity 16848K, committed 16896K, reserved 1062912K
  class space    used 2337K, capacity 2544K, committed 2560K, reserved 1048576K
}
Event: 9.754 GC heap before
{Heap before GC invocations=2 (full 0):
 PSYoungGen      total 52736K, used 24071K [0x0000000785700000, 0x0000000789180000, 0x00000007c0000000)
  eden space 45568K, 38% used [0x0000000785700000,0x000000078680e828,0x0000000788380000)
  from space 7168K, 92% used [0x0000000788380000,0x00000007889f3560,0x0000000788a80000)
  to   space 7168K, 0% used [0x0000000788a80000,0x0000000788a80000,0x0000000789180000)
 ParOldGen       total 120320K, used 80K [0x0000000710400000, 0x0000000717980000, 0x0000000785700000)
  object space 120320K, 0% used [0x0000000710400000,0x0000000710414010,0x0000000717980000)
 Metaspace       used 20460K, capacity 21198K, committed 21296K, reserved 1067008K
  class space    used 2911K, capacity 3125K, committed 3200K, reserved 1048576K
Event: 9.764 GC heap after
Heap after GC invocations=2 (full 0):
 PSYoungGen      total 52736K, used 7166K [0x0000000785700000, 0x0000000789180000, 0x00000007c0000000)
  eden space 45568K, 0% used [0x0000000785700000,0x0000000785700000,0x0000000788380000)
  from space 7168K, 99% used [0x0000000788a80000,0x000000078917fa00,0x0000000789180000)
  to   space 7168K, 0% used [0x0000000788380000,0x0000000788380000,0x0000000788a80000)
 ParOldGen       total 120320K, used 1846K [0x0000000710400000, 0x0000000717980000, 0x0000000785700000)
  object space 120320K, 1% used [0x0000000710400000,0x00000007105cda28,0x0000000717980000)
 Metaspace       used 20460K, capacity 21198K, committed 21296K, reserved 1067008K
  class space    used 2911K, capacity 3125K, committed 3200K, reserved 1048576K
}
Event: 9.764 GC heap before
{Heap before GC invocations=3 (full 1):
 PSYoungGen      total 52736K, used 7166K [0x0000000785700000, 0x0000000789180000, 0x00000007c0000000)
  eden space 45568K, 0% used [0x0000000785700000,0x0000000785700000,0x0000000788380000)
  from space 7168K, 99% used [0x0000000788a80000,0x000000078917fa00,0x0000000789180000)
  to   space 7168K, 0% used [0x0000000788380000,0x0000000788380000,0x0000000788a80000)
 ParOldGen       total 120320K, used 1846K [0x0000000710400000, 0x0000000717980000, 0x0000000785700000)
  object space 120320K, 1% used [0x0000000710400000,0x00000007105cda28,0x0000000717980000)
 Metaspace       used 20460K, capacity 21198K, committed 21296K, reserved 1067008K
  class space    used 2911K, capacity 3125K, committed 3200K, reserved 1048576K
Event: 9.807 GC heap after
Heap after GC invocations=3 (full 1):
 PSYoungGen      total 52736K, used 0K [0x0000000785700000, 0x0000000789180000, 0x00000007c0000000)
  eden space 45568K, 0% used [0x0000000785700000,0x0000000785700000,0x0000000788380000)
  from space 7168K, 0% used [0x0000000788a80000,0x0000000788a80000,0x0000000789180000)
  to   space 7168K, 0% used [0x0000000788380000,0x0000000788380000,0x0000000788a80000)
 ParOldGen       total 56320K, used 8514K [0x0000000710400000, 0x0000000713b00000, 0x0000000785700000)
  object space 56320K, 15% used [0x0000000710400000,0x0000000710c50990,0x0000000713b00000)
 Metaspace       used 20460K, capacity 21198K, committed 21296K, reserved 1067008K
  class space    used 2911K, capacity 3125K, committed 3200K, reserved 1048576K
}

