# JRE version: Java(TM) SE Runtime Environment (8.0_101-b13) (build 1.8.0_101-b13)
# Java VM: Java HotSpot(TM) 64-Bit Server VM (25.101-b13 mixed mode windows-amd64 compressed oops)
Heap:
 PSYoungGen      total 52736K, used 27421K [0x0000000785700000, 0x0000000789180000, 0x00000007c0000000)
  eden space 45568K, 60% used [0x0000000785700000,0x00000007871c7498,0x0000000788380000)
  from space 7168K, 0% used [0x0000000788a80000,0x0000000788a80000,0x0000000789180000)
  to   space 7168K, 0% used [0x0000000788380000,0x0000000788380000,0x0000000788a80000)
 ParOldGen       total 65024K, used 8286K [0x0000000710400000, 0x0000000714380000, 0x0000000785700000)
  object space 65024K, 12% used [0x0000000710400000,0x0000000710c17938,0x0000000714380000)
 Metaspace       used 24120K, capacity 25266K, committed 25472K, reserved 1071104K
  class space    used 3398K, capacity 3652K, committed 3712K, reserved 1048576K
GC Heap History (6 events):
Event: 12.717 GC heap before
{Heap before GC invocations=1 (full 0):
 PSYoungGen      total 52736K, used 45568K [0x0000000785700000, 0x0000000789180000, 0x00000007c0000000)
  eden space 45568K, 100% used [0x0000000785700000,0x0000000788380000,0x0000000788380000)
  from space 7168K, 0% used [0x0000000788a80000,0x0000000788a80000,0x0000000789180000)
  to   space 7168K, 0% used [0x0000000788380000,0x0000000788380000,0x0000000788a80000)
 ParOldGen       total 120320K, used 0K [0x0000000710400000, 0x0000000717980000, 0x0000000785700000)
  object space 120320K, 0% used [0x0000000710400000,0x0000000710400000,0x0000000717980000)
 Metaspace       used 16184K, capacity 16804K, committed 16896K, reserved 1062912K
  class space    used 2323K, capacity 2509K, committed 2560K, reserved 1048576K
Event: 12.725 GC heap after
Heap after GC invocations=1 (full 0):
 PSYoungGen      total 52736K, used 6520K [0x0000000785700000, 0x0000000789180000, 0x00000007c0000000)
  eden space 45568K, 0% used [0x0000000785700000,0x0000000785700000,0x0000000788380000)
  from space 7168K, 90% used [0x0000000788380000,0x00000007889de288,0x0000000788a80000)
  to   space 7168K, 0% used [0x0000000788a80000,0x0000000788a80000,0x0000000789180000)
 ParOldGen       total 120320K, used 80K [0x0000000710400000, 0x0000000717980000, 0x0000000785700000)
  object space 120320K, 0% used [0x0000000710400000,0x0000000710414010,0x0000000717980000)
 Metaspace       used 16184K, capacity 16804K, committed 16896K, reserved 1062912K
  class space    used 2323K, capacity 2509K, committed 2560K, reserved 1048576K
}
Event: 13.122 GC heap before
{Heap before GC invocations=2 (full 0):
 PSYoungGen      total 52736K, used 23001K [0x0000000785700000, 0x0000000789180000, 0x00000007c0000000)
  eden space 45568K, 36% used [0x0000000785700000,0x00000007867183d0,0x0000000788380000)
  from space 7168K, 90% used [0x0000000788380000,0x00000007889de288,0x0000000788a80000)
  to   space 7168K, 0% used [0x0000000788a80000,0x0000000788a80000,0x0000000789180000)
 ParOldGen       total 120320K, used 80K [0x0000000710400000, 0x0000000717980000, 0x0000000785700000)
  object space 120320K, 0% used [0x0000000710400000,0x0000000710414010,0x0000000717980000)
 Metaspace       used 20407K, capacity 21194K, committed 21296K, reserved 1067008K
  class space    used 2929K, capacity 3160K, committed 3200K, reserved 1048576K
Event: 13.130 GC heap after
Heap after GC invocations=2 (full 0):
 PSYoungGen      total 52736K, used 7146K [0x0000000785700000, 0x0000000789180000, 0x00000007c0000000)
  eden space 45568K, 0% used [0x0000000785700000,0x0000000785700000,0x0000000788380000)
  from space 7168K, 99% used [0x0000000788a80000,0x000000078917ab10,0x0000000789180000)
  to   space 7168K, 0% used [0x0000000788380000,0x0000000788380000,0x0000000788a80000)
 ParOldGen       total 120320K, used 1657K [0x0000000710400000, 0x0000000717980000, 0x0000000785700000)
  object space 120320K, 1% used [0x0000000710400000,0x000000071059e580,0x0000000717980000)
 Metaspace       used 20407K, capacity 21194K, committed 21296K, reserved 1067008K
  class space    used 2929K, capacity 3160K, committed 3200K, reserved 1048576K
}
Event: 13.130 GC heap before
{Heap before GC invocations=3 (full 1):
 PSYoungGen      total 52736K, used 7146K [0x0000000785700000, 0x0000000789180000, 0x00000007c0000000)
  eden space 45568K, 0% used [0x0000000785700000,0x0000000785700000,0x0000000788380000)
  from space 7168K, 99% used [0x0000000788a80000,0x000000078917ab10,0x0000000789180000)
  to   space 7168K, 0% used [0x0000000788380000,0x0000000788380000,0x0000000788a80000)
 ParOldGen       total 120320K, used 1657K [0x0000000710400000, 0x0000000717980000, 0x0000000785700000)
  object space 120320K, 1% used [0x0000000710400000,0x000000071059e580,0x0000000717980000)
 Metaspace       used 20407K, capacity 21194K, committed 21296K, reserved 1067008K
  class space    used 2929K, capacity 3160K, committed 3200K, reserved 1048576K
Event: 13.162 GC heap after
Heap after GC invocations=3 (full 1):
 PSYoungGen      total 52736K, used 0K [0x0000000785700000, 0x0000000789180000, 0x00000007c0000000)
  eden space 45568K, 0% used [0x0000000785700000,0x0000000785700000,0x0000000788380000)
  from space 7168K, 0% used [0x0000000788a80000,0x0000000788a80000,0x0000000789180000)
  to   space 7168K, 0% used [0x0000000788380000,0x0000000788380000,0x0000000788a80000)
 ParOldGen       total 65024K, used 8286K [0x0000000710400000, 0x0000000714380000, 0x0000000785700000)
  object space 65024K, 12% used [0x0000000710400000,0x0000000710c17938,0x0000000714380000)
 Metaspace       used 20407K, capacity 21194K, committed 21296K, reserved 1067008K
  class space    used 2929K, capacity 3160K, committed 3200K, reserved 1048576K
}

