# JRE version: Java(TM) SE Runtime Environment (8.0_101-b13) (build 1.8.0_101-b13)
# Java VM: Java HotSpot(TM) 64-Bit Server VM (25.101-b13 mixed mode windows-amd64 compressed oops)
Heap:
 PSYoungGen      total 52736K, used 52103K [0x0000000785700000, 0x0000000789180000, 0x00000007c0000000)
  eden space 45568K, 100% used [0x0000000785700000,0x0000000788380000,0x0000000788380000)
  from space 7168K, 91% used [0x0000000788380000,0x00000007889e1ee0,0x0000000788a80000)
  to   space 7168K, 0% used [0x0000000788a80000,0x0000000788a80000,0x0000000789180000)
 ParOldGen       total 59392K, used 10727K [0x0000000710400000, 0x0000000713e00000, 0x0000000785700000)
  object space 59392K, 18% used [0x0000000710400000,0x0000000710e79fd0,0x0000000713e00000)
 Metaspace       used 26027K, capacity 27482K, committed 27824K, reserved 1073152K
  class space    used 3587K, capacity 3912K, committed 4016K, reserved 1048576K
GC Heap History (8 events):
Event: 1.632 GC heap before
{Heap before GC invocations=1 (full 0):
 PSYoungGen      total 52736K, used 45150K [0x0000000785700000, 0x0000000789180000, 0x00000007c0000000)
  eden space 45568K, 99% used [0x0000000785700000,0x0000000788317aa8,0x0000000788380000)
  from space 7168K, 0% used [0x0000000788a80000,0x0000000788a80000,0x0000000789180000)
  to   space 7168K, 0% used [0x0000000788380000,0x0000000788380000,0x0000000788a80000)
 ParOldGen       total 120320K, used 0K [0x0000000710400000, 0x0000000717980000, 0x0000000785700000)
  object space 120320K, 0% used [0x0000000710400000,0x0000000710400000,0x0000000717980000)
 Metaspace       used 16066K, capacity 16712K, committed 17024K, reserved 1062912K
  class space    used 2359K, capacity 2561K, committed 2688K, reserved 1048576K
Event: 1.640 GC heap after
Heap after GC invocations=1 (full 0):
 PSYoungGen      total 52736K, used 5111K [0x0000000785700000, 0x0000000789180000, 0x00000007c0000000)
  eden space 45568K, 0% used [0x0000000785700000,0x0000000785700000,0x0000000788380000)
  from space 7168K, 71% used [0x0000000788380000,0x000000078887dce8,0x0000000788a80000)
  to   space 7168K, 0% used [0x0000000788a80000,0x0000000788a80000,0x0000000789180000)
 ParOldGen       total 120320K, used 80K [0x0000000710400000, 0x0000000717980000, 0x0000000785700000)
  object space 120320K, 0% used [0x0000000710400000,0x0000000710414010,0x0000000717980000)
 Metaspace       used 16066K, capacity 16712K, committed 17024K, reserved 1062912K
  class space    used 2359K, capacity 2561K, committed 2688K, reserved 1048576K
}
Event: 13.221 GC heap before
{Heap before GC invocations=2 (full 0):
 PSYoungGen      total 52736K, used 24137K [0x0000000785700000, 0x0000000789180000, 0x00000007c0000000)
  eden space 45568K, 41% used [0x0000000785700000,0x0000000786994868,0x0000000788380000)
  from space 7168K, 71% used [0x0000000788380000,0x000000078887dce8,0x0000000788a80000)
  to   space 7168K, 0% used [0x0000000788a80000,0x0000000788a80000,0x0000000789180000)
 ParOldGen       total 120320K, used 80K [0x0000000710400000, 0x0000000717980000, 0x0000000785700000)
  object space 120320K, 0% used [0x0000000710400000,0x0000000710414010,0x0000000717980000)
 Metaspace       used 20441K, capacity 21166K, committed 21296K, reserved 1067008K
  class space    used 2867K, capacity 3076K, committed 3120K, reserved 1048576K
Event: 13.231 GC heap after
Heap after GC invocations=2 (full 0):
 PSYoungGen      total 52736K, used 7152K [0x0000000785700000, 0x0000000789180000, 0x00000007c0000000)
  eden space 45568K, 0% used [0x0000000785700000,0x0000000785700000,0x0000000788380000)
  from space 7168K, 99% used [0x0000000788a80000,0x000000078917c050,0x0000000789180000)
  to   space 7168K, 0% used [0x0000000788380000,0x0000000788380000,0x0000000788a80000)
 ParOldGen       total 120320K, used 2860K [0x0000000710400000, 0x0000000717980000, 0x0000000785700000)
  object space 120320K, 2% used [0x0000000710400000,0x00000007106cb108,0x0000000717980000)
 Metaspace       used 20441K, capacity 21166K, committed 21296K, reserved 1067008K
  class space    used 2867K, capacity 3076K, committed 3120K, reserved 1048576K
}
Event: 13.231 GC heap before
{Heap before GC invocations=3 (full 1):
 PSYoungGen      total 52736K, used 7152K [0x0000000785700000, 0x0000000789180000, 0x00000007c0000000)
  eden space 45568K, 0% used [0x0000000785700000,0x0000000785700000,0x0000000788380000)
  from space 7168K, 99% used [0x0000000788a80000,0x000000078917c050,0x0000000789180000)
  to   space 7168K, 0% used [0x0000000788380000,0x0000000788380000,0x0000000788a80000)
 ParOldGen       total 120320K, used 2860K [0x0000000710400000, 0x0000000717980000, 0x0000000785700000)
  object space 120320K, 2% used [0x0000000710400000,0x00000007106cb108,0x0000000717980000)
 Metaspace       used 20441K, capacity 21166K, committed 21296K, reserved 1067008K
  class space    used 2867K, capacity 3076K, committed 3120K, reserved 1048576K
Event: 13.273 GC heap after
Heap after GC invocations=3 (full 1):
 PSYoungGen      total 52736K, used 0K [0x0000000785700000, 0x0000000789180000, 0x00000007c0000000)
  eden space 45568K, 0% used [0x0000000785700000,0x0000000785700000,0x0000000788380000)
  from space 7168K, 0% used [0x0000000788a80000,0x0000000788a80000,0x0000000789180000)
  to   space 7168K, 0% used [0x0000000788380000,0x0000000788380000,0x0000000788a80000)
 ParOldGen       total 59392K, used 9907K [0x0000000710400000, 0x0000000713e00000, 0x0000000785700000)
  object space 59392K, 16% used [0x0000000710400000,0x0000000710dacec0,0x0000000713e00000)
 Metaspace       used 20441K, capacity 21166K, committed 21296K, reserved 1067008K
  class space    used 2867K, capacity 3076K, committed 3120K, reserved 1048576K
}
Event: 105.860 GC heap before
{Heap before GC invocations=4 (full 1):
 PSYoungGen      total 52736K, used 45568K [0x0000000785700000, 0x0000000789180000, 0x00000007c0000000)
  eden space 45568K, 100% used [0x0000000785700000,0x0000000788380000,0x0000000788380000)
  from space 7168K, 0% used [0x0000000788a80000,0x0000000788a80000,0x0000000789180000)
  to   space 7168K, 0% used [0x0000000788380000,0x0000000788380000,0x0000000788a80000)
 ParOldGen       total 59392K, used 9907K [0x0000000710400000, 0x0000000713e00000, 0x0000000785700000)
  object space 59392K, 16% used [0x0000000710400000,0x0000000710dacec0,0x0000000713e00000)
 Metaspace       used 25297K, capacity 26788K, committed 27056K, reserved 1073152K
  class space    used 3574K, capacity 3903K, committed 4016K, reserved 1048576K
Event: 105.869 GC heap after
Heap after GC invocations=4 (full 1):
 PSYoungGen      total 52736K, used 6535K [0x0000000785700000, 0x0000000789180000, 0x00000007c0000000)
  eden space 45568K, 0% used [0x0000000785700000,0x0000000785700000,0x0000000788380000)
  from space 7168K, 91% used [0x0000000788380000,0x00000007889e1ee0,0x0000000788a80000)
  to   space 7168K, 0% used [0x0000000788a80000,0x0000000788a80000,0x0000000789180000)
 ParOldGen       total 59392K, used 10727K [0x0000000710400000, 0x0000000713e00000, 0x0000000785700000)
  object space 59392K, 18% used [0x0000000710400000,0x0000000710e79fd0,0x0000000713e00000)
 Metaspace       used 25297K, capacity 26788K, committed 27056K, reserved 1073152K
  class space    used 3574K, capacity 3903K, committed 4016K, reserved 1048576K
}

